<?xml version="1.0" encoding="UTF-8"?>
<testng-results ignored="0" total="1" passed="1" failed="0" skipped="0">
  <reporter-output>
  </reporter-output>
  <suite started-at="2019-07-03T14:36:49Z" name="Default suite" finished-at="2019-07-03T14:36:49Z" duration-ms="23">
    <groups>
    </groups>
    <test started-at="2019-07-03T14:36:49Z" name="Default test" finished-at="2019-07-03T14:36:49Z" duration-ms="23">
      <class name="Main.TcExecute">
        <test-method is-config="true" signature="beforeMethod()[pri:0, instance:Main.TcExecute@48524010]" started-at="2019-07-03T14:36:49Z" name="beforeMethod" finished-at="2019-07-03T14:36:49Z" duration-ms="3" status="PASS">
          <reporter-output>
          </reporter-output>
        </test-method> <!-- beforeMethod -->
        <test-method signature="test()[pri:0, instance:Main.TcExecute@48524010]" started-at="2019-07-03T14:36:49Z" name="test" finished-at="2019-07-03T14:36:49Z" duration-ms="5" status="PASS">
          <reporter-output>
          </reporter-output>
        </test-method> <!-- test -->
        <test-method is-config="true" signature="afterMethod()[pri:0, instance:Main.TcExecute@48524010]" started-at="2019-07-03T14:36:49Z" name="afterMethod" finished-at="2019-07-03T14:36:49Z" duration-ms="0" status="PASS">
          <reporter-output>
          </reporter-output>
        </test-method> <!-- afterMethod -->
      </class> <!-- Main.TcExecute -->
    </test> <!-- Default test -->
  </suite> <!-- Default suite -->
</testng-results>
